<?xml version="1.0" encoding="UTF-8"?>
<!-- Generated by org.testng.reporters.JUnitReportReporter -->
<testsuite hostname="LAPTOP-E2KT3BQR" failures="0" tests="8" name="TestCases.DemoApp_TestCases" time="39.740" errors="0" timestamp="2024-04-15T14:18:56 IST" skipped="0">
  <testcase classname="TestCases.DemoApp_TestCases" name="logOutFunction" time="4.657"/>
  <testcase classname="TestCases.DemoApp_TestCases" name="forgotPassword" time="3.781"/>
  <testcase classname="TestCases.DemoApp_TestCases" name="navigateToSignUpFromSignIn" time="4.072"/>
  <testcase classname="TestCases.DemoApp_TestCases" name="loginUsingdataProvider" time="5.724"/>
  <testcase classname="TestCases.DemoApp_TestCases" name="loginUsingdataProvider" time="4.230"/>
  <testcase classname="TestCases.DemoApp_TestCases" name="loginUsingdataProvider" time="6.216"/>
  <testcase classname="TestCases.DemoApp_TestCases" name="registerUser" time="7.228"/>
  <testcase classname="TestCases.DemoApp_TestCases" name="verifyOptionClickable" time="3.832"/>
</testsuite> <!-- TestCases.DemoApp_TestCases -->
